{"date":"Sun Feb 22 2026 14:49:40 GMT+0530 (India Standard Time)","error":{},"level":"error","message":"unhandledRejection: $in is not defined\nReferenceError: $in is not defined\n    at [eval]:1:191\n    at process.processTicksAndRejections (node:internal/process/task_queues:103:5)","os":{"loadavg":[0,0,0],"uptime":14061.75},"process":{"argv":["C:\\Program Files\\nodejs\\node.exe"],"cwd":"D:\\Protalent connect\\Pro-Talent-Connect\\Backend","execPath":"C:\\Program Files\\nodejs\\node.exe","gid":null,"memoryUsage":{"arrayBuffers":18283987,"external":20814582,"heapTotal":35528704,"heapUsed":22367744,"rss":82796544},"pid":19740,"uid":null,"version":"v24.12.0"},"rejection":true,"service":"pro-talent-connect","stack":"ReferenceError: $in is not defined\n    at [eval]:1:191\n    at process.processTicksAndRejections (node:internal/process/task_queues:103:5)","timestamp":"2026-02-22 14:49:40","trace":[{"column":191,"file":"[eval]","function":null,"line":1,"method":null,"native":false},{"column":5,"file":"node:internal/process/task_queues","function":"process.processTicksAndRejections","line":103,"method":"processTicksAndRejections","native":false}]}
{"level":"error","message":"400 POST /api/players - Email OTP verification is required before creating a player profile","service":"pro-talent-connect","timestamp":"2026-03-10 14:42:18"}
{"level":"error","message":"400 POST /api/players - Email OTP verification is required before creating a player profile","service":"pro-talent-connect","timestamp":"2026-03-10 14:42:27"}
{"level":"error","message":"400 POST /api/players - Email OTP verification is required before creating a player profile","service":"pro-talent-connect","timestamp":"2026-03-10 14:42:33"}
{"level":"error","message":"400 POST /api/players - Email OTP verification is required before creating a player profile","service":"pro-talent-connect","timestamp":"2026-03-10 14:42:51"}
{"level":"error","message":"400 POST /api/players - Email OTP verification is required before creating a player profile","service":"pro-talent-connect","timestamp":"2026-03-10 14:42:54"}
{"level":"error","message":"500 POST /api/players - Player validation failed: competitions.0.type: `Manipur State League` is not a valid enum value for path `type`., competitions.1.type: `I-League` is not a valid enum value for path `type`., competitions.2.type: `Kerala Premier League` is not a valid enum value for path `type`., competitions.3.type: `Kerala Premier League` is not a valid enum value for path `type`., competitions.4.type: `Kerala Premier League` is not a valid enum value for path `type`., competitions.5.type: `I-League` is not a valid enum value for path `type`., competitions.8.type: `Kerala Premier League` is not a valid enum value for path `type`., competitions.9.type: `Kerala Premier League` is not a valid enum value for path `type`., competitions.10.type: `Calcutta Football League` is not a valid enum value for path `type`.","service":"pro-talent-connect","timestamp":"2026-03-10 15:23:08"}
{"level":"error","message":"400 POST /api/players - Email OTP verification is required before creating a player profile","service":"pro-talent-connect","timestamp":"2026-03-10 18:15:29"}
{"level":"error","message":"400 POST /api/players - Email OTP verification is required before creating a player profile","service":"pro-talent-connect","timestamp":"2026-03-10 18:15:47"}
{"level":"error","message":"400 POST /api/players - Email OTP verification is required before creating a player profile","service":"pro-talent-connect","timestamp":"2026-03-10 18:45:23"}
{"level":"error","message":"403 POST /api/players - Access denied. Only Super Admin can create players.","service":"pro-talent-connect","timestamp":"2026-03-11 15:03:34"}
{"level":"error","message":"400 POST /api/players - Duplicate playerId or email","service":"pro-talent-connect","timestamp":"2026-03-11 15:03:36"}
{"level":"error","message":"401 POST /api/auth/login - Invalid email or password","service":"pro-talent-connect","timestamp":"2026-03-11 15:03:41"}
{"level":"error","message":"503 POST /api/otp/send-password-otp - Failed to send OTP. Please try again.","service":"pro-talent-connect","timestamp":"2026-04-08 21:28:01"}
{"level":"error","message":"503 POST /api/otp/send-password-otp - Failed to send OTP. Please try again.","service":"pro-talent-connect","timestamp":"2026-04-08 21:28:52"}
{"level":"error","message":"503 POST /api/otp/send-password-otp - Failed to send OTP. Please try again.","service":"pro-talent-connect","timestamp":"2026-04-08 21:31:12"}
{"level":"error","message":"503 POST /api/otp/send-password-otp - Failed to send OTP. Please try again.","service":"pro-talent-connect","timestamp":"2026-04-08 21:31:39"}
{"level":"error","message":"503 POST /api/otp/send-password-otp - Failed to send OTP. Please try again.","service":"pro-talent-connect","timestamp":"2026-04-08 21:32:58"}
{"level":"error","message":"503 POST /api/otp/send-password-otp - Failed to send OTP. Please try again.","service":"pro-talent-connect","timestamp":"2026-04-08 21:34:21"}
{"level":"error","message":"503 POST /api/otp/send-password-otp - Failed to send OTP. Please try again.","service":"pro-talent-connect","timestamp":"2026-04-08 21:35:20"}
{"level":"error","message":"503 POST /api/otp/send-password-otp - Failed to send OTP. Please try again.","service":"pro-talent-connect","timestamp":"2026-04-08 21:36:21"}
{"level":"error","message":"503 POST /api/otp/send-password-otp - Failed to send OTP. Please try again.","service":"pro-talent-connect","timestamp":"2026-04-08 21:38:07"}
{"level":"error","message":"503 POST /api/otp/send-password-otp - Failed to send OTP. Please try again.","service":"pro-talent-connect","timestamp":"2026-04-08 21:38:55"}
{"level":"error","message":"503 POST /api/otp/send-password-otp - Failed to send OTP. Please try again.","service":"pro-talent-connect","timestamp":"2026-04-08 21:39:47"}
{"level":"error","message":"503 POST /api/otp/send-password-otp - Failed to send OTP. Please try again.","service":"pro-talent-connect","timestamp":"2026-04-08 21:49:41"}
{"level":"error","message":"503 POST /api/otp/send-password-otp - Failed to send OTP. Please try again.","service":"pro-talent-connect","timestamp":"2026-04-08 21:50:18"}
{"level":"error","message":"503 POST /api/otp/send-password-otp - Failed to send OTP. Please try again.","service":"pro-talent-connect","timestamp":"2026-04-08 21:51:15"}
